#
# A fatal error has been detected by the Java Runtime Environment:
#
#  SIGBUS (0xa) at pc=0x00007f8680468900, pid=1558, tid=0x0000000000004503
#
# JRE version: Java(TM) SE Runtime Environment (8.0_111-b14) (build 1.8.0_111-b14)
# Java VM: Java HotSpot(TM) 64-Bit Server VM (25.111-b14 mixed mode bsd-amd64 compressed oops)
# Problematic frame:
# C  0x00007f8680468900
#
# Failed to write core dump. Core dumps have been disabled. To enable core dumping, try "ulimit -c unlimited" before starting Java again
#
# If you would like to submit a bug report, please visit:
#   http://bugreport.java.com/bugreport/crash.jsp
#

---------------  T H R E A D  ---------------

Current thread (0x00007f867e81d000):  JavaThread "C1 CompilerThread2" daemon [_thread_in_native, id=17667, stack(0x0000700007cec000,0x0000700007dec000)]

siginfo: si_signo: 10 (SIGBUS), si_code: 2 (BUS_ADRERR), si_addr: 0x00007f8680468900

Registers:
RAX=0x0000000000000000, RBX=0x0000700007deb2d0, RCX=0x0000000104021370, RDX=0x0000000000000004
RSP=0x0000700007deafe0, RBP=0x00007f8680468900, RSI=0x0000000000000007, RDI=0x0000700007deaf18
R8 =0x0000000040000002, R9 =0x00000000c0000002, R10=0x0000000000000001, R11=0x00007f855e907208
R12=0x00007f8680468900, R13=0x00007f867ed9fb90, R14=0x000000011d91baa0, R15=0x0000000100000000
RIP=0x00007f8680468900, EFLAGS=0x0000000000010202, ERR=0x0000000000000015
  TRAPNO=0x000000000000000e

Top of Stack: (sp=0x0000700007deafe0)
0x0000700007deafe0:   0000000104014d90 00007f867ed9fb90
0x0000700007deaff0:   00007f867f4eb6e0 00007f8680463810
0x0000700007deb000:   00007f8600000000 00007f8680463810
0x0000700007deb010:   00007f8680463810 00007f8680463810
0x0000700007deb020:   0000000000000000 000000b700000059
0x0000700007deb030:   00007f8680468900 00007f86804689a0
0x0000700007deb040:   01007f867f4eb510 00000001040dc7e0
0x0000700007deb050:   00007f867ed9e830 00007f867ed9fb90
0x0000700007deb060:   0000700007deb2d0 00000000000000b7
0x0000700007deb070:   0000700007deb100 00000001038f7249
0x0000700007deb080:   00007f867f4eb6b0 0000000000000000
0x0000700007deb090:   00007f86804638c0 00007f8680463810
0x0000700007deb0a0:   00007f86804649a5 0000000000000000
0x0000700007deb0b0:   00007f867f4eb630 00007f8680464990
0x0000700007deb0c0:   00007f86804649d1 00007f86804649a8
0x0000700007deb0d0:   000000b7000000b7 0000700007deb2d0
0x0000700007deb0e0:   00007f867ed9e830 00007f867ed9fb90
0x0000700007deb0f0:   ffffffffffffff00 00007f867ed9eb90
0x0000700007deb100:   0000700007deb130 00000001038f3b15
0x0000700007deb110:   0000700007deb130 00007f867ed9e3f0
0x0000700007deb120:   ffffffffffffffff 0000700007deb2d0
0x0000700007deb130:   0000700007deb2b0 00000001038f8009
0x0000700007deb140:   000000011d91b8a0 000000011d91b8a0
0x0000700007deb150:   000000000000003b 0000700007deb1b0
0x0000700007deb160:   0000700007deb1a0 0000000103942db3
0x0000700007deb170:   000000011d91b8a0 00007f867e81d000
0x0000700007deb180:   000000011d91b8a0 000000000000003b
0x0000700007deb190:   0000700007deb218 000000011d91b8a0
0x0000700007deb1a0:   0000700007deb200 0000000000000000
0x0000700007deb1b0:   0000000000000000 0000000000000041
0x0000700007deb1c0:   0000700007deb240 000000010396e52f
0x0000700007deb1d0:   0000700007deb700 00007f867ed9e3f0 

Instructions: (pc=0x00007f8680468900)
0x00007f86804688e0:   b0 ca 01 04 01 00 00 00 00 00 00 00 86 7f 00 00
0x00007f86804688f0:   50 4a 8c 05 01 00 00 00 00 00 00 00 86 7f 00 00
0x00007f8680468900:   40 97 0b 04 01 00 00 00 9a 06 00 00 86 7f 00 00
0x00007f8680468910:   a0 ba 91 1d 01 00 00 00 02 00 00 00 86 7f 00 00 

Register to memory mapping:

RAX=0x0000000000000000 is an unknown value
RBX=0x0000700007deb2d0 is pointing into the stack for thread: 0x00007f867e81d000
RCX=0x0000000104021370: UseMembar+0 in /Library/Java/JavaVirtualMachines/jdk1.8.0_111.jdk/Contents/Home/jre/lib/server/libjvm.dylib at 0x0000000103800000
RDX=0x0000000000000004 is an unknown value
RSP=0x0000700007deafe0 is pointing into the stack for thread: 0x00007f867e81d000
RBP=0x00007f8680468900 is an unknown value
RSI=0x0000000000000007 is an unknown value
RDI=0x0000700007deaf18 is pointing into the stack for thread: 0x00007f867e81d000
R8 =0x0000000040000002 is an unknown value
R9 =0x00000000c0000002 is an unknown value
R10=0x0000000000000001 is an unknown value
R11=0x00007f855e907208 is an unknown value
R12=0x00007f8680468900 is an unknown value
R13=0x00007f867ed9fb90 is an unknown value
R14={method} {0x000000011d91baa0} '<init>' '(Ljava/lang/Class;)V' in 'sun/reflect/annotation/AnnotationType'
R15=0x0000000100000000 is an unknown value


Stack: [0x0000700007cec000,0x0000700007dec000],  sp=0x0000700007deafe0,  free space=1019k
Native frames: (J=compiled Java code, j=interpreted, Vv=VM code, C=native code)
C  0x00007f8680468900


Current CompileTask:
C1:   1705 1655       3       sun.reflect.annotation.AnnotationType::getInstance (65 bytes)


---------------  P R O C E S S  ---------------

Java Threads: ( => current thread )
  0x00007f8680022800 JavaThread "Service Thread" daemon [_thread_blocked, id=18179, stack(0x0000700007def000,0x0000700007eef000)]
=>0x00007f867e81d000 JavaThread "C1 CompilerThread2" daemon [_thread_in_native, id=17667, stack(0x0000700007cec000,0x0000700007dec000)]
  0x00007f868000a000 JavaThread "C2 CompilerThread1" daemon [_thread_in_native, id=17155, stack(0x0000700007be9000,0x0000700007ce9000)]
  0x00007f8680007800 JavaThread "C2 CompilerThread0" daemon [_thread_in_vm, id=16643, stack(0x0000700007ae6000,0x0000700007be6000)]
  0x00007f867f043800 JavaThread "Signal Dispatcher" daemon [_thread_blocked, id=16131, stack(0x00007000079e3000,0x0000700007ae3000)]
  0x00007f867f827000 JavaThread "Finalizer" daemon [_thread_blocked, id=12291, stack(0x00007000078e0000,0x00007000079e0000)]
  0x00007f867e810000 JavaThread "Reference Handler" daemon [_thread_blocked, id=11779, stack(0x00007000077dd000,0x00007000078dd000)]
  0x00007f867f008800 JavaThread "main" [_thread_in_Java, id=6915, stack(0x00007000071cb000,0x00007000072cb000)]

Other Threads:
  0x00007f867f03f000 VMThread [stack: 0x00007000076da000,0x00007000077da000] [id=11267]
  0x00007f867e825800 WatcherThread [stack: 0x0000700007ef2000,0x0000700007ff2000] [id=18691]

VM state:not at safepoint (normal execution)

VM Mutex/Monitor currently owned by a thread:  ([mutex/lock_event])
[0x00007f867e6032d0] Compile_lock - owner thread: 0x00007f8680007800
[0x00007f867e6033d0] MethodCompileQueue_lock - owner thread: 0x00007f8680007800

Heap:
 PSYoungGen      total 141824K, used 12997K [0x000000076ab00000, 0x0000000774000000, 0x00000007c0000000)
  eden space 131072K, 1% used [0x000000076ab00000,0x000000076ad328d8,0x0000000772b00000)
  from space 10752K, 99% used [0x0000000773580000,0x0000000773ffebf0,0x0000000774000000)
  to   space 10752K, 0% used [0x0000000772b00000,0x0000000772b00000,0x0000000773580000)
 ParOldGen       total 175104K, used 2166K [0x00000006c0000000, 0x00000006cab00000, 0x000000076ab00000)
  object space 175104K, 1% used [0x00000006c0000000,0x00000006c021dbf0,0x00000006cab00000)
 Metaspace       used 19219K, capacity 19470K, committed 19712K, reserved 1067008K
  class space    used 2342K, capacity 2434K, committed 2560K, reserved 1048576K

Card table byte_map: [0x0000000104b61000,0x0000000105362000] byte_map_base: 0x0000000101561000

Marking Bits: (ParMarkBitMap*) 0x00000001040efd20
 Begin Bits: [0x0000000115013000, 0x0000000119013000)
 End Bits:   [0x0000000119013000, 0x000000011d013000)

Polling page: 0x0000000102f6c000

CodeCache: size=245760Kb used=5820Kb max_used=5833Kb free=239939Kb
 bounds [0x0000000106013000, 0x00000001065d3000, 0x0000000115013000]
 total_blobs=2005 nmethods=1644 adapters=274
 compilation: enabled

Compilation events (10 events):
Event: 1.695 Thread 0x00007f867e81d000 nmethod 1650 0x00000001065bd450 code [0x00000001065bd5e0, 0x00000001065bd938]
Event: 1.695 Thread 0x00007f867e81d000 1653       3       org.springframework.core.io.ClassPathResource::hashCode (8 bytes)
Event: 1.696 Thread 0x00007f867e81d000 nmethod 1653 0x00000001065bef50 code [0x00000001065bf0c0, 0x00000001065bf2e8]
Event: 1.696 Thread 0x00007f867e81d000 1654       3       java.io.BufferedInputStream::getInIfOpen (21 bytes)
Event: 1.696 Thread 0x00007f867e81d000 nmethod 1654 0x00000001065bead0 code [0x00000001065bec40, 0x00000001065bee88]
Event: 1.696 Thread 0x00007f867e81d000 1649       3       org.springframework.util.CollectionUtils::isEmpty (19 bytes)
Event: 1.696 Thread 0x00007f867e81d000 nmethod 1649 0x00000001065be610 code [0x00000001065be780, 0x00000001065bea08]
Event: 1.696 Thread 0x00007f867e81d000 1652       3       org.springframework.util.StringUtils::collectionToDelimitedString (10 bytes)
Event: 1.696 Thread 0x00007f867e81d000 nmethod 1652 0x00000001065be290 code [0x00000001065be400, 0x00000001065be588]
Event: 1.701 Thread 0x00007f867e81d000 1655       3       sun.reflect.annotation.AnnotationType::getInstance (65 bytes)

GC Heap History (4 events):
Event: 1.015 GC heap before
{Heap before GC invocations=1 (full 0):
 PSYoungGen      total 76288K, used 65536K [0x000000076ab00000, 0x0000000770000000, 0x00000007c0000000)
  eden space 65536K, 100% used [0x000000076ab00000,0x000000076eb00000,0x000000076eb00000)
  from space 10752K, 0% used [0x000000076f580000,0x000000076f580000,0x0000000770000000)
  to   space 10752K, 0% used [0x000000076eb00000,0x000000076eb00000,0x000000076f580000)
 ParOldGen       total 175104K, used 0K [0x00000006c0000000, 0x00000006cab00000, 0x000000076ab00000)
  object space 175104K, 0% used [0x00000006c0000000,0x00000006c0000000,0x00000006cab00000)
 Metaspace       used 12878K, capacity 13046K, committed 13184K, reserved 1060864K
  class space    used 1579K, capacity 1619K, committed 1664K, reserved 1048576K
Event: 1.026 GC heap after
Heap after GC invocations=1 (full 0):
 PSYoungGen      total 76288K, used 10751K [0x000000076ab00000, 0x0000000774000000, 0x00000007c0000000)
  eden space 65536K, 0% used [0x000000076ab00000,0x000000076ab00000,0x000000076eb00000)
  from space 10752K, 99% used [0x000000076eb00000,0x000000076f57ffb8,0x000000076f580000)
  to   space 10752K, 0% used [0x0000000773580000,0x0000000773580000,0x0000000774000000)
 ParOldGen       total 175104K, used 1203K [0x00000006c0000000, 0x00000006cab00000, 0x000000076ab00000)
  object space 175104K, 0% used [0x00000006c0000000,0x00000006c012cd60,0x00000006cab00000)
 Metaspace       used 12878K, capacity 13046K, committed 13184K, reserved 1060864K
  class space    used 1579K, capacity 1619K, committed 1664K, reserved 1048576K
}
Event: 1.673 GC heap before
{Heap before GC invocations=2 (full 0):
 PSYoungGen      total 76288K, used 76287K [0x000000076ab00000, 0x0000000774000000, 0x00000007c0000000)
  eden space 65536K, 100% used [0x000000076ab00000,0x000000076eb00000,0x000000076eb00000)
  from space 10752K, 99% used [0x000000076eb00000,0x000000076f57ffb8,0x000000076f580000)
  to   space 10752K, 0% used [0x0000000773580000,0x0000000773580000,0x0000000774000000)
 ParOldGen       total 175104K, used 1203K [0x00000006c0000000, 0x00000006cab00000, 0x000000076ab00000)
  object space 175104K, 0% used [0x00000006c0000000,0x00000006c012cd60,0x00000006cab00000)
 Metaspace       used 19145K, capacity 19374K, committed 19584K, reserved 1067008K
  class space    used 2335K, capacity 2402K, committed 2432K, reserved 1048576K
Event: 1.689 GC heap after
Heap after GC invocations=2 (full 0):
 PSYoungGen      total 141824K, used 10746K [0x000000076ab00000, 0x0000000774000000, 0x00000007c0000000)
  eden space 131072K, 0% used [0x000000076ab00000,0x000000076ab00000,0x0000000772b00000)
  from space 10752K, 99% used [0x0000000773580000,0x0000000773ffebf0,0x0000000774000000)
  to   space 10752K, 0% used [0x0000000772b00000,0x0000000772b00000,0x0000000773580000)
 ParOldGen       total 175104K, used 2166K [0x00000006c0000000, 0x00000006cab00000, 0x000000076ab00000)
  object space 175104K, 1% used [0x00000006c0000000,0x00000006c021dbf0,0x00000006cab00000)
 Metaspace       used 19145K, capacity 19374K, committed 19584K, reserved 1067008K
  class space    used 2335K, capacity 2402K, committed 2432K, reserved 1048576K
}

Deoptimization events (10 events):
Event: 1.129 Thread 0x00007f867f008800 Uncommon trap: reason=bimorphic action=maybe_recompile pc=0x00000001062df798 method=java.util.HashMap.putVal(ILjava/lang/Object;Ljava/lang/Object;ZZ)Ljava/lang/Object; @ 253
Event: 1.174 Thread 0x00007f867f2a3800 Uncommon trap: reason=unstable_if action=reinterpret pc=0x00000001063e530c method=com.sun.org.apache.xerces.internal.impl.XMLEntityScanner.scanLiteral(ILcom/sun/org/apache/xerces/internal/xni/XMLString;Z)I @ 570
Event: 1.239 Thread 0x00007f867f2a3800 Uncommon trap: reason=unstable_if action=reinterpret pc=0x00000001063f4ce8 method=com.sun.org.apache.xerces.internal.impl.XMLEntityScanner.skipSpaces()Z @ 125
Event: 1.325 Thread 0x00007f867f008800 Uncommon trap: reason=class_check action=maybe_recompile pc=0x0000000106306890 method=java.util.regex.Pattern$CharProperty.match(Ljava/util/regex/Matcher;ILjava/lang/CharSequence;)Z @ 37
Event: 1.325 Thread 0x00007f867f008800 Uncommon trap: reason=class_check action=maybe_recompile pc=0x0000000106306890 method=java.util.regex.Pattern$CharProperty.match(Ljava/util/regex/Matcher;ILjava/lang/CharSequence;)Z @ 37
Event: 1.325 Thread 0x00007f867f008800 Uncommon trap: reason=class_check action=maybe_recompile pc=0x0000000106306890 method=java.util.regex.Pattern$CharProperty.match(Ljava/util/regex/Matcher;ILjava/lang/CharSequence;)Z @ 37
Event: 1.325 Thread 0x00007f867f008800 Uncommon trap: reason=class_check action=maybe_recompile pc=0x0000000106306890 method=java.util.regex.Pattern$CharProperty.match(Ljava/util/regex/Matcher;ILjava/lang/CharSequence;)Z @ 37
Event: 1.421 Thread 0x00007f867f2a3800 Uncommon trap: reason=class_check action=maybe_recompile pc=0x00000001062ecd54 method=java.util.regex.Matcher.search(I)Z @ 86
Event: 1.441 Thread 0x00007f867f2a3800 Uncommon trap: reason=unstable_if action=reinterpret pc=0x000000010633d784 method=sun.misc.MetaIndex.mayContain(Ljava/lang/String;)Z @ 38
Event: 1.621 Thread 0x00007f867f2a3800 Uncommon trap: reason=unstable_if action=reinterpret pc=0x0000000106343470 method=java.util.HashMap.hash(Ljava/lang/Object;)I @ 1

Internal exceptions (10 events):
Event: 1.286 Thread 0x00007f867f008800 Exception <a 'java/lang/ClassNotFoundException': java/lang/ObjectCustomizer> (0x000000076b8b7638) thrown at [/Users/java_re/workspace/8-2-build-macosx-x86_64/jdk8u111/7883/hotspot/src/share/vm/classfile/systemDictionary.cpp, line 210]
Event: 1.287 Thread 0x00007f867f008800 Exception <a 'java/lang/ClassNotFoundException': org/springframework/context/annotation/ConfigurationClassPostProcessorCustomizer> (0x000000076b8d2e50) thrown at [/Users/java_re/workspace/8-2-build-macosx-x86_64/jdk8u111/7883/hotspot/src/share/vm/classfil
Event: 1.288 Thread 0x00007f867f008800 Exception <a 'java/lang/ClassNotFoundException': org/springframework/beans/factory/support/BeanDefinitionRegistryPostProcessorCustomizer> (0x000000076b8fdc60) thrown at [/Users/java_re/workspace/8-2-build-macosx-x86_64/jdk8u111/7883/hotspot/src/share/vm/c
Event: 1.289 Thread 0x00007f867f008800 Exception <a 'java/lang/ClassNotFoundException': org/springframework/core/PriorityOrderedCustomizer> (0x000000076b90f650) thrown at [/Users/java_re/workspace/8-2-build-macosx-x86_64/jdk8u111/7883/hotspot/src/share/vm/classfile/systemDictionary.cpp, line 2
Event: 1.289 Thread 0x00007f867f008800 Exception <a 'java/lang/ClassNotFoundException': org/springframework/context/ResourceLoaderAwareCustomizer> (0x000000076b9219e8) thrown at [/Users/java_re/workspace/8-2-build-macosx-x86_64/jdk8u111/7883/hotspot/src/share/vm/classfile/systemDictionary.cpp,
Event: 1.289 Thread 0x00007f867f008800 Exception <a 'java/lang/ClassNotFoundException': org/springframework/beans/factory/BeanClassLoaderAwareCustomizer> (0x000000076b9369a0) thrown at [/Users/java_re/workspace/8-2-build-macosx-x86_64/jdk8u111/7883/hotspot/src/share/vm/classfile/systemDictiona
Event: 1.290 Thread 0x00007f867f008800 Exception <a 'java/lang/ClassNotFoundException': org/springframework/context/EnvironmentAwareCustomizer> (0x000000076b949640) thrown at [/Users/java_re/workspace/8-2-build-macosx-x86_64/jdk8u111/7883/hotspot/src/share/vm/classfile/systemDictionary.cpp, li
Event: 1.579 Thread 0x00007f867f2a3800 Exception <a 'java/lang/NoSuchFieldError': method resolution failed> (0x000000076db96ce0) thrown at [/Users/java_re/workspace/8-2-build-macosx-x86_64/jdk8u111/7883/hotspot/src/share/vm/prims/methodHandles.cpp, line 1146]
Event: 1.581 Thread 0x00007f867f2a3800 Exception <a 'java/lang/NoSuchFieldError': method resolution failed> (0x000000076dba43d0) thrown at [/Users/java_re/workspace/8-2-build-macosx-x86_64/jdk8u111/7883/hotspot/src/share/vm/prims/methodHandles.cpp, line 1146]
Event: 1.621 Thread 0x00007f867f2a3800 Implicit null exception at 0x00000001063433d8 to 0x0000000106343466

Events (10 events):
Event: 1.698 loading class org/springframework/web/servlet/FrameworkServlet
Event: 1.698 loading class org/springframework/web/servlet/FrameworkServlet done
Event: 1.699 loading class org/springframework/web/servlet/HttpServletBean
Event: 1.699 loading class org/springframework/web/servlet/HttpServletBean done
Event: 1.699 loading class javax/servlet/http/HttpServlet
Event: 1.699 loading class javax/servlet/http/HttpServlet done
Event: 1.700 loading class javax/servlet/GenericServlet
Event: 1.700 loading class javax/servlet/GenericServlet done
Event: 1.700 loading class javax/servlet/ServletConfig
Event: 1.700 loading class javax/servlet/ServletConfig done


Dynamic libraries:
0x000000005f143000 	/System/Library/Frameworks/Cocoa.framework/Versions/A/Cocoa
0x000000005f143000 	/System/Library/Frameworks/Security.framework/Versions/A/Security
0x000000005f143000 	/System/Library/Frameworks/ApplicationServices.framework/Versions/A/ApplicationServices
0x000000005f143000 	/usr/lib/libz.1.dylib
0x000000005f143000 	/usr/lib/libSystem.B.dylib
0x000000005f143000 	/usr/lib/libobjc.A.dylib
0x000000005f143000 	/System/Library/Frameworks/CoreFoundation.framework/Versions/A/CoreFoundation
0x000000005f143000 	/System/Library/Frameworks/Foundation.framework/Versions/C/Foundation
0x000000005f143000 	/System/Library/Frameworks/AppKit.framework/Versions/C/AppKit
0x000000005f143000 	/System/Library/Frameworks/CoreData.framework/Versions/A/CoreData
0x000000005f143000 	/System/Library/PrivateFrameworks/RemoteViewServices.framework/Versions/A/RemoteViewServices
0x000000005f143000 	/System/Library/PrivateFrameworks/UIFoundation.framework/Versions/A/UIFoundation
0x000000005f143000 	/System/Library/PrivateFrameworks/DFRFoundation.framework/Versions/A/DFRFoundation
0x000000005f143000 	/usr/lib/libenergytrace.dylib
0x000000005f143000 	/System/Library/PrivateFrameworks/SkyLight.framework/Versions/A/SkyLight
0x000000005f143000 	/System/Library/Frameworks/CoreGraphics.framework/Versions/A/CoreGraphics
0x000000005f143000 	/usr/lib/libScreenReader.dylib
0x000000005f143000 	/System/Library/Frameworks/Accelerate.framework/Versions/A/Accelerate
0x000000005f143000 	/System/Library/Frameworks/IOSurface.framework/Versions/A/IOSurface
0x000000005f143000 	/System/Library/Frameworks/AudioToolbox.framework/Versions/A/AudioToolbox
0x000000005f143000 	/System/Library/Frameworks/AudioUnit.framework/Versions/A/AudioUnit
0x000000005f143000 	/System/Library/PrivateFrameworks/DataDetectorsCore.framework/Versions/A/DataDetectorsCore
0x000000005f143000 	/System/Library/PrivateFrameworks/DesktopServicesPriv.framework/Versions/A/DesktopServicesPriv
0x000000005f143000 	/System/Library/Frameworks/Carbon.framework/Versions/A/Frameworks/HIToolbox.framework/Versions/A/HIToolbox
0x000000005f143000 	/usr/lib/libicucore.A.dylib
0x000000005f143000 	/System/Library/Frameworks/QuartzCore.framework/Versions/A/QuartzCore
0x000000005f143000 	/System/Library/Frameworks/Carbon.framework/Versions/A/Frameworks/SpeechRecognition.framework/Versions/A/SpeechRecognition
0x000000005f143000 	/usr/lib/libauto.dylib
0x000000005f143000 	/usr/lib/libxml2.2.dylib
0x000000005f143000 	/System/Library/PrivateFrameworks/CoreUI.framework/Versions/A/CoreUI
0x000000005f143000 	/System/Library/Frameworks/CoreAudio.framework/Versions/A/CoreAudio
0x000000005f143000 	/System/Library/Frameworks/DiskArbitration.framework/Versions/A/DiskArbitration
0x000000005f143000 	/usr/lib/liblangid.dylib
0x000000005f143000 	/System/Library/PrivateFrameworks/MultitouchSupport.framework/Versions/A/MultitouchSupport
0x000000005f143000 	/System/Library/Frameworks/IOKit.framework/Versions/A/IOKit
0x000000005f143000 	/usr/lib/libDiagnosticMessagesClient.dylib
0x000000005f143000 	/System/Library/Frameworks/CoreServices.framework/Versions/A/CoreServices
0x000000005f143000 	/System/Library/PrivateFrameworks/PerformanceAnalysis.framework/Versions/A/PerformanceAnalysis
0x000000005f143000 	/System/Library/PrivateFrameworks/GenerationalStorage.framework/Versions/A/GenerationalStorage
0x000000005f143000 	/System/Library/Frameworks/OpenGL.framework/Versions/A/OpenGL
0x000000005f143000 	/System/Library/Frameworks/CoreImage.framework/Versions/A/CoreImage
0x000000005f143000 	/System/Library/Frameworks/CoreText.framework/Versions/A/CoreText
0x000000005f143000 	/System/Library/Frameworks/ImageIO.framework/Versions/A/ImageIO
0x000000005f143000 	/System/Library/PrivateFrameworks/Backup.framework/Versions/A/Backup
0x000000005f143000 	/usr/lib/libarchive.2.dylib
0x000000005f143000 	/System/Library/Frameworks/CFNetwork.framework/Versions/A/CFNetwork
0x000000005f143000 	/System/Library/Frameworks/SystemConfiguration.framework/Versions/A/SystemConfiguration
0x000000005f143000 	/usr/lib/libCRFSuite.dylib
0x000000005f143000 	/usr/lib/libc++.1.dylib
0x000000005f143000 	/usr/lib/libc++abi.dylib
0x000000005f143000 	/usr/lib/system/libcache.dylib
0x000000005f143000 	/usr/lib/system/libcommonCrypto.dylib
0x000000005f143000 	/usr/lib/system/libcompiler_rt.dylib
0x000000005f143000 	/usr/lib/system/libcopyfile.dylib
0x000000005f143000 	/usr/lib/system/libcorecrypto.dylib
0x000000005f143000 	/usr/lib/system/libdispatch.dylib
0x000000005f143000 	/usr/lib/system/libdyld.dylib
0x000000005f143000 	/usr/lib/system/libkeymgr.dylib
0x000000005f143000 	/usr/lib/system/liblaunch.dylib
0x000000005f143000 	/usr/lib/system/libmacho.dylib
0x000000005f143000 	/usr/lib/system/libquarantine.dylib
0x000000005f143000 	/usr/lib/system/libremovefile.dylib
0x000000005f143000 	/usr/lib/system/libsystem_asl.dylib
0x000000005f143000 	/usr/lib/system/libsystem_blocks.dylib
0x000000005f143000 	/usr/lib/system/libsystem_c.dylib
0x000000005f143000 	/usr/lib/system/libsystem_configuration.dylib
0x000000005f143000 	/usr/lib/system/libsystem_coreservices.dylib
0x000000005f143000 	/usr/lib/system/libsystem_coretls.dylib
0x000000005f143000 	/usr/lib/system/libsystem_dnssd.dylib
0x000000005f143000 	/usr/lib/system/libsystem_info.dylib
0x000000005f143000 	/usr/lib/system/libsystem_kernel.dylib
0x000000005f143000 	/usr/lib/system/libsystem_m.dylib
0x000000005f143000 	/usr/lib/system/libsystem_malloc.dylib
0x000000005f143000 	/usr/lib/system/libsystem_network.dylib
0x000000005f143000 	/usr/lib/system/libsystem_networkextension.dylib
0x000000005f143000 	/usr/lib/system/libsystem_notify.dylib
0x000000005f143000 	/usr/lib/system/libsystem_platform.dylib
0x000000005f143000 	/usr/lib/system/libsystem_pthread.dylib
0x000000005f143000 	/usr/lib/system/libsystem_sandbox.dylib
0x000000005f143000 	/usr/lib/system/libsystem_secinit.dylib
0x000000005f143000 	/usr/lib/system/libsystem_symptoms.dylib
0x000000005f143000 	/usr/lib/system/libsystem_trace.dylib
0x000000005f143000 	/usr/lib/system/libunwind.dylib
0x000000005f143000 	/usr/lib/system/libxpc.dylib
0x000000005f143000 	/usr/lib/libbsm.0.dylib
0x000000005f143000 	/usr/lib/system/libkxld.dylib
0x000000005f143000 	/usr/lib/libcoretls.dylib
0x000000005f143000 	/usr/lib/libcoretls_cfhelpers.dylib
0x000000005f143000 	/usr/lib/libxar.1.dylib
0x000000005f143000 	/usr/lib/libsqlite3.dylib
0x000000005f143000 	/usr/lib/libpam.2.dylib
0x000000005f143000 	/usr/lib/libOpenScriptingUtil.dylib
0x000000005f143000 	/usr/lib/libbz2.1.0.dylib
0x000000005f143000 	/usr/lib/liblzma.5.dylib
0x000000005f143000 	/usr/lib/libnetwork.dylib
0x000000005f143000 	/usr/lib/libpcap.A.dylib
0x000000005f143000 	/System/Library/Frameworks/CoreServices.framework/Versions/A/Frameworks/FSEvents.framework/Versions/A/FSEvents
0x000000005f143000 	/System/Library/Frameworks/CoreServices.framework/Versions/A/Frameworks/CarbonCore.framework/Versions/A/CarbonCore
0x000000005f143000 	/System/Library/Frameworks/CoreServices.framework/Versions/A/Frameworks/Metadata.framework/Versions/A/Metadata
0x000000005f143000 	/System/Library/Frameworks/CoreServices.framework/Versions/A/Frameworks/OSServices.framework/Versions/A/OSServices
0x000000005f143000 	/System/Library/Frameworks/CoreServices.framework/Versions/A/Frameworks/SearchKit.framework/Versions/A/SearchKit
0x000000005f143000 	/System/Library/Frameworks/CoreServices.framework/Versions/A/Frameworks/AE.framework/Versions/A/AE
0x000000005f143000 	/System/Library/Frameworks/CoreServices.framework/Versions/A/Frameworks/LaunchServices.framework/Versions/A/LaunchServices
0x000000005f143000 	/System/Library/Frameworks/CoreServices.framework/Versions/A/Frameworks/DictionaryServices.framework/Versions/A/DictionaryServices
0x000000005f143000 	/System/Library/Frameworks/CoreServices.framework/Versions/A/Frameworks/SharedFileList.framework/Versions/A/SharedFileList
0x000000005f143000 	/System/Library/Frameworks/NetFS.framework/Versions/A/NetFS
0x000000005f143000 	/System/Library/PrivateFrameworks/NetAuth.framework/Versions/A/NetAuth
0x000000005f143000 	/System/Library/PrivateFrameworks/login.framework/Versions/A/Frameworks/loginsupport.framework/Versions/A/loginsupport
0x000000005f143000 	/System/Library/PrivateFrameworks/TCC.framework/Versions/A/TCC
0x000000005f143000 	/usr/lib/libmecabra.dylib
0x000000005f143000 	/System/Library/Frameworks/ApplicationServices.framework/Versions/A/Frameworks/ATS.framework/Versions/A/ATS
0x000000005f143000 	/System/Library/Frameworks/ApplicationServices.framework/Versions/A/Frameworks/ColorSync.framework/Versions/A/ColorSync
0x000000005f143000 	/System/Library/Frameworks/ApplicationServices.framework/Versions/A/Frameworks/HIServices.framework/Versions/A/HIServices
0x000000005f143000 	/System/Library/Frameworks/ApplicationServices.framework/Versions/A/Frameworks/LangAnalysis.framework/Versions/A/LangAnalysis
0x000000005f143000 	/System/Library/Frameworks/ApplicationServices.framework/Versions/A/Frameworks/PrintCore.framework/Versions/A/PrintCore
0x000000005f143000 	/System/Library/Frameworks/ApplicationServices.framework/Versions/A/Frameworks/QD.framework/Versions/A/QD
0x000000005f143000 	/System/Library/Frameworks/ApplicationServices.framework/Versions/A/Frameworks/SpeechSynthesis.framework/Versions/A/SpeechSynthesis
0x000000005f143000 	/System/Library/Frameworks/Accelerate.framework/Versions/A/Frameworks/vImage.framework/Versions/A/vImage
0x000000005f143000 	/System/Library/Frameworks/Accelerate.framework/Versions/A/Frameworks/vecLib.framework/Versions/A/vecLib
0x000000005f143000 	/System/Library/Frameworks/Accelerate.framework/Versions/A/Frameworks/vecLib.framework/Versions/A/libvDSP.dylib
0x000000005f143000 	/System/Library/Frameworks/Accelerate.framework/Versions/A/Frameworks/vecLib.framework/Versions/A/libBNNS.dylib
0x000000005f143000 	/System/Library/Frameworks/Accelerate.framework/Versions/A/Frameworks/vecLib.framework/Versions/A/libQuadrature.dylib
0x000000005f143000 	/System/Library/Frameworks/Accelerate.framework/Versions/A/Frameworks/vecLib.framework/Versions/A/libvMisc.dylib
0x000000005f143000 	/System/Library/Frameworks/Accelerate.framework/Versions/A/Frameworks/vecLib.framework/Versions/A/libLAPACK.dylib
0x000000005f143000 	/System/Library/Frameworks/Accelerate.framework/Versions/A/Frameworks/vecLib.framework/Versions/A/libBLAS.dylib
0x000000005f143000 	/System/Library/Frameworks/Accelerate.framework/Versions/A/Frameworks/vecLib.framework/Versions/A/libLinearAlgebra.dylib
0x000000005f143000 	/System/Library/Frameworks/Accelerate.framework/Versions/A/Frameworks/vecLib.framework/Versions/A/libSparseBLAS.dylib
0x000000005f143000 	/System/Library/Frameworks/ApplicationServices.framework/Versions/A/Frameworks/ATS.framework/Versions/A/Resources/libFontParser.dylib
0x000000005f143000 	/System/Library/Frameworks/ApplicationServices.framework/Versions/A/Frameworks/ATS.framework/Versions/A/Resources/libFontRegistry.dylib
0x000000005f143000 	/System/Library/Frameworks/ImageIO.framework/Versions/A/Resources/libJPEG.dylib
0x000000005f143000 	/System/Library/Frameworks/ImageIO.framework/Versions/A/Resources/libTIFF.dylib
0x000000005f143000 	/System/Library/Frameworks/ImageIO.framework/Versions/A/Resources/libPng.dylib
0x000000005f143000 	/System/Library/Frameworks/ImageIO.framework/Versions/A/Resources/libGIF.dylib
0x000000005f143000 	/System/Library/Frameworks/ImageIO.framework/Versions/A/Resources/libJP2.dylib
0x000000005f143000 	/System/Library/Frameworks/ImageIO.framework/Versions/A/Resources/libRadiance.dylib
0x000000005f143000 	/usr/lib/libcompression.dylib
0x000000005f143000 	/System/Library/PrivateFrameworks/AppleJPEG.framework/Versions/A/AppleJPEG
0x000000005f143000 	/usr/lib/libcups.2.dylib
0x000000005f143000 	/System/Library/Frameworks/Kerberos.framework/Versions/A/Kerberos
0x000000005f143000 	/System/Library/Frameworks/GSS.framework/Versions/A/GSS
0x000000005f143000 	/usr/lib/libresolv.9.dylib
0x000000005f143000 	/usr/lib/libiconv.2.dylib
0x000000005f143000 	/System/Library/PrivateFrameworks/Heimdal.framework/Versions/A/Heimdal
0x000000005f143000 	/usr/lib/libheimdal-asn1.dylib
0x000000005f143000 	/System/Library/Frameworks/OpenDirectory.framework/Versions/A/OpenDirectory
0x000000005f143000 	/System/Library/PrivateFrameworks/CommonAuth.framework/Versions/A/CommonAuth
0x000000005f143000 	/System/Library/Frameworks/OpenDirectory.framework/Versions/A/Frameworks/CFOpenDirectory.framework/Versions/A/CFOpenDirectory
0x000000005f143000 	/System/Library/Frameworks/SecurityFoundation.framework/Versions/A/SecurityFoundation
0x000000005f143000 	/System/Library/PrivateFrameworks/LanguageModeling.framework/Versions/A/LanguageModeling
0x000000005f143000 	/usr/lib/libmarisa.dylib
0x000000005f143000 	/usr/lib/libChineseTokenizer.dylib
0x000000005f143000 	/usr/lib/libcmph.dylib
0x000000005f143000 	/System/Library/PrivateFrameworks/CoreEmoji.framework/Versions/A/CoreEmoji
0x000000005f143000 	/System/Library/Frameworks/ServiceManagement.framework/Versions/A/ServiceManagement
0x000000005f143000 	/usr/lib/libxslt.1.dylib
0x000000005f143000 	/System/Library/Frameworks/Carbon.framework/Versions/A/Frameworks/Ink.framework/Versions/A/Ink
0x000000005f143000 	/System/Library/PrivateFrameworks/TextureIO.framework/Versions/A/TextureIO
0x000000005f143000 	/System/Library/Frameworks/Metal.framework/Versions/A/Metal
0x000000005f143000 	/usr/lib/libate.dylib
0x000000005f143000 	/System/Library/PrivateFrameworks/GPUCompiler.framework/libmetal_timestamp.dylib
0x000000005f143000 	/System/Library/Frameworks/OpenGL.framework/Versions/A/Libraries/libCoreFSCache.dylib
0x000000005f143000 	/System/Library/PrivateFrameworks/IOAccelerator.framework/Versions/A/IOAccelerator
0x000000005f143000 	/System/Library/Frameworks/CoreVideo.framework/Versions/A/CoreVideo
0x000000005f143000 	/usr/lib/libFosl_dynamic.dylib
0x000000005f143000 	/System/Library/PrivateFrameworks/MetalPerformanceShaders.framework/Versions/A/MetalPerformanceShaders
0x000000005f143000 	/System/Library/PrivateFrameworks/FaceCore.framework/Versions/A/FaceCore
0x000000005f143000 	/System/Library/Frameworks/OpenCL.framework/Versions/A/OpenCL
0x000000005f143000 	/System/Library/Frameworks/OpenGL.framework/Versions/A/Libraries/libGLU.dylib
0x000000005f143000 	/System/Library/Frameworks/OpenGL.framework/Versions/A/Libraries/libGFXShared.dylib
0x000000005f143000 	/System/Library/Frameworks/OpenGL.framework/Versions/A/Libraries/libGL.dylib
0x000000005f143000 	/System/Library/Frameworks/OpenGL.framework/Versions/A/Libraries/libGLImage.dylib
0x000000005f143000 	/System/Library/Frameworks/OpenGL.framework/Versions/A/Libraries/libCVMSPluginSupport.dylib
0x000000005f143000 	/System/Library/Frameworks/OpenGL.framework/Versions/A/Libraries/libCoreVMClient.dylib
0x000000005f143000 	/System/Library/PrivateFrameworks/CrashReporterSupport.framework/Versions/A/CrashReporterSupport
0x000000005f143000 	/System/Library/PrivateFrameworks/Sharing.framework/Versions/A/Sharing
0x000000005f143000 	/System/Library/PrivateFrameworks/IconServices.framework/Versions/A/IconServices
0x000000005f143000 	/System/Library/PrivateFrameworks/ProtocolBuffer.framework/Versions/A/ProtocolBuffer
0x000000005f143000 	/System/Library/PrivateFrameworks/Apple80211.framework/Versions/A/Apple80211
0x000000005f143000 	/System/Library/Frameworks/CoreWLAN.framework/Versions/A/CoreWLAN
0x000000005f143000 	/System/Library/PrivateFrameworks/CoreUtils.framework/Versions/A/CoreUtils
0x000000005f143000 	/System/Library/Frameworks/IOBluetooth.framework/Versions/A/IOBluetooth
0x000000005f143000 	/System/Library/PrivateFrameworks/CoreWiFi.framework/Versions/A/CoreWiFi
0x000000005f143000 	/System/Library/Frameworks/CoreBluetooth.framework/Versions/A/CoreBluetooth
0x000000005f143000 	/System/Library/Frameworks/CoreDisplay.framework/Versions/A/CoreDisplay
0x000000005f143000 	/System/Library/PrivateFrameworks/IOPresentment.framework/Versions/A/IOPresentment
0x000000005f143000 	/System/Library/PrivateFrameworks/DebugSymbols.framework/Versions/A/DebugSymbols
0x000000005f143000 	/System/Library/PrivateFrameworks/CoreSymbolication.framework/Versions/A/CoreSymbolication
0x000000005f143000 	/System/Library/PrivateFrameworks/Symbolication.framework/Versions/A/Symbolication
0x000000005f143000 	/System/Library/PrivateFrameworks/AppleFSCompression.framework/Versions/A/AppleFSCompression
0x000000005f143000 	/System/Library/PrivateFrameworks/SpeechRecognitionCore.framework/Versions/A/SpeechRecognitionCore
0x000000005f143000 	/System/Library/PrivateFrameworks/ChunkingLibrary.framework/Versions/A/ChunkingLibrary
0x0000000103800000 	/Library/Java/JavaVirtualMachines/jdk1.8.0_111.jdk/Contents/Home/jre/lib/server/libjvm.dylib
0x000000005f143000 	/usr/lib/libstdc++.6.dylib
0x0000000102f29000 	/Library/Java/JavaVirtualMachines/jdk1.8.0_111.jdk/Contents/Home/jre/lib/libverify.dylib
0x0000000102f37000 	/Library/Java/JavaVirtualMachines/jdk1.8.0_111.jdk/Contents/Home/jre/lib/libjava.dylib
0x0000000102f76000 	/Library/Java/JavaVirtualMachines/jdk1.8.0_111.jdk/Contents/Home/jre/lib/libzip.dylib
0x0000000105f5f000 	/System/Library/Frameworks/JavaVM.framework/Frameworks/JavaRuntimeSupport.framework/JavaRuntimeSupport
0x000000011ec13000 	/System/Library/Frameworks/JavaVM.framework/Versions/A/Frameworks/JavaNativeFoundation.framework/Versions/A/JavaNativeFoundation
0x0000000105f79000 	/System/Library/Frameworks/JavaVM.framework/Versions/A/JavaVM
0x000000005f143000 	/System/Library/Frameworks/Carbon.framework/Versions/A/Carbon
0x000000011ec28000 	/System/Library/PrivateFrameworks/JavaLaunching.framework/Versions/A/JavaLaunching
0x000000005f143000 	/System/Library/Frameworks/Carbon.framework/Versions/A/Frameworks/CommonPanels.framework/Versions/A/CommonPanels
0x000000005f143000 	/System/Library/Frameworks/Carbon.framework/Versions/A/Frameworks/Help.framework/Versions/A/Help
0x000000005f143000 	/System/Library/Frameworks/Carbon.framework/Versions/A/Frameworks/ImageCapture.framework/Versions/A/ImageCapture
0x000000005f143000 	/System/Library/Frameworks/Carbon.framework/Versions/A/Frameworks/OpenScripting.framework/Versions/A/OpenScripting
0x000000005f143000 	/System/Library/Frameworks/Carbon.framework/Versions/A/Frameworks/Print.framework/Versions/A/Print
0x000000005f143000 	/System/Library/Frameworks/Carbon.framework/Versions/A/Frameworks/SecurityHI.framework/Versions/A/SecurityHI
0x0000000120d8b000 	/Library/Java/JavaVirtualMachines/jdk1.8.0_111.jdk/Contents/Home/jre/lib/libmanagement.dylib
0x0000000120d99000 	/Library/Java/JavaVirtualMachines/jdk1.8.0_111.jdk/Contents/Home/jre/lib/libnet.dylib
0x000000012191e000 	/Library/Java/JavaVirtualMachines/jdk1.8.0_111.jdk/Contents/Home/jre/lib/libnio.dylib

VM Arguments:
jvm_args: -Dfile.encoding=UTF-8 
java_command: com.ngpanwei.taskit.TaskitApplication
java_class_path (initial): /Users/pwng/code/taskit/target/classes:/Users/pwng/.m2/repository/org/springframework/boot/spring-boot-starter-data-jpa/1.4.3.RELEASE/spring-boot-starter-data-jpa-1.4.3.RELEASE.jar:/Users/pwng/.m2/repository/org/springframework/boot/spring-boot-starter/1.4.3.RELEASE/spring-boot-starter-1.4.3.RELEASE.jar:/Users/pwng/.m2/repository/org/springframework/boot/spring-boot/1.4.3.RELEASE/spring-boot-1.4.3.RELEASE.jar:/Users/pwng/.m2/repository/org/springframework/boot/spring-boot-autoconfigure/1.4.3.RELEASE/spring-boot-autoconfigure-1.4.3.RELEASE.jar:/Users/pwng/.m2/repository/org/springframework/boot/spring-boot-starter-logging/1.4.3.RELEASE/spring-boot-starter-logging-1.4.3.RELEASE.jar:/Users/pwng/.m2/repository/ch/qos/logback/logback-classic/1.1.8/logback-classic-1.1.8.jar:/Users/pwng/.m2/repository/ch/qos/logback/logback-core/1.1.8/logback-core-1.1.8.jar:/Users/pwng/.m2/repository/org/slf4j/jul-to-slf4j/1.7.22/jul-to-slf4j-1.7.22.jar:/Users/pwng/.m2/repository/org/slf4j/log4j-over-slf4j/1.7.22/log4j-over-slf4j-1.7.22.jar:/Users/pwng/.m2/repository/org/yaml/snakeyaml/1.17/snakeyaml-1.17.jar:/Users/pwng/.m2/repository/org/springframework/boot/spring-boot-starter-aop/1.4.3.RELEASE/spring-boot-starter-aop-1.4.3.RELEASE.jar:/Users/pwng/.m2/repository/org/springframework/spring-aop/4.3.5.RELEASE/spring-aop-4.3.5.RELEASE.jar:/Users/pwng/.m2/repository/org/aspectj/aspectjweaver/1.8.9/aspectjweaver-1.8.9.jar:/Users/pwng/.m2/repository/org/springframework/boot/spring-boot-starter-jdbc/1.4.3.RELEASE/spring-boot-starter-jdbc-1.4.3.RELEASE.jar:/Users/pwng/.m2/repository/org/apache/tomcat/tomcat-jdbc/8.5.6/tomcat-jdbc-8.5.6.jar:/Users/pwng/.m2/repository/org/apache/tomcat/tomcat-juli/8.5.6/tomcat-juli-8.5.6.jar:/Users/pwng/.m2/repository/org/springframework/spring-jdbc/4.3.5.RELEASE/spring-jdbc-4.3.5.RELEASE.jar:/Users/pwng/.m2/repository/org/hibernate/hibernate-core/5.0.11.Final/hibernate-core-5.0.11.Final.jar:/Users/pwng/.m2/repository/org/jboss/logging
Launcher Type: SUN_STANDARD

Environment Variables:
PATH=/usr/bin:/bin:/usr/sbin:/sbin
SHELL=/bin/bash

Signal Handlers:
SIGSEGV: [libjvm.dylib+0x5b03ed], sa_mask[0]=11111111011111110111111111111111, sa_flags=SA_ONSTACK|SA_RESTART|SA_SIGINFO
SIGBUS: [libjvm.dylib+0x5b03ed], sa_mask[0]=11111111011111110111111111111111, sa_flags=SA_RESTART|SA_SIGINFO
SIGFPE: [libjvm.dylib+0x48711c], sa_mask[0]=11111111011111110111111111111111, sa_flags=SA_RESTART|SA_SIGINFO
SIGPIPE: [libjvm.dylib+0x48711c], sa_mask[0]=11111111011111110111111111111111, sa_flags=SA_RESTART|SA_SIGINFO
SIGXFSZ: [libjvm.dylib+0x48711c], sa_mask[0]=11111111011111110111111111111111, sa_flags=SA_RESTART|SA_SIGINFO
SIGILL: [libjvm.dylib+0x48711c], sa_mask[0]=11111111011111110111111111111111, sa_flags=SA_RESTART|SA_SIGINFO
SIGUSR1: SIG_DFL, sa_mask[0]=00000000000000000000000000000000, sa_flags=none
SIGUSR2: [libjvm.dylib+0x486c3a], sa_mask[0]=00100000000000000000000000000000, sa_flags=SA_RESTART|SA_SIGINFO
SIGHUP: [libjvm.dylib+0x485211], sa_mask[0]=11111111011111110111111111111111, sa_flags=SA_RESTART|SA_SIGINFO
SIGINT: [libjvm.dylib+0x485211], sa_mask[0]=11111111011111110111111111111111, sa_flags=SA_RESTART|SA_SIGINFO
SIGTERM: [libjvm.dylib+0x485211], sa_mask[0]=11111111011111110111111111111111, sa_flags=SA_RESTART|SA_SIGINFO
SIGQUIT: [libjvm.dylib+0x485211], sa_mask[0]=11111111011111110111111111111111, sa_flags=SA_RESTART|SA_SIGINFO


---------------  S Y S T E M  ---------------

OS:Bsduname:Darwin 16.3.0 Darwin Kernel Version 16.3.0: Thu Nov 17 20:23:58 PST 2016; root:xnu-3789.31.2~1/RELEASE_X86_64 x86_64
rlimit: STACK 8192k, CORE 0k, NPROC 709, NOFILE 10240, AS infinity
load average:2.85 2.73 2.41

CPU:total 4 (2 cores per cpu, 2 threads per core) family 6 model 61 stepping 4, cmov, cx8, fxsr, mmx, sse, sse2, sse3, ssse3, sse4.1, sse4.2, popcnt, avx, avx2, aes, clmul, erms, 3dnowpref, lzcnt, ht, tsc, tscinvbit, bmi1, bmi2, adx

Memory: 4k page, physical 16777216k(1384568k free)

/proc/meminfo:


vm_info: Java HotSpot(TM) 64-Bit Server VM (25.111-b14) for bsd-amd64 JRE (1.8.0_111-b14), built on Sep 22 2016 15:31:41 by "java_re" with gcc 4.2.1 (Based on Apple Inc. build 5658) (LLVM build 2336.11.00)

time: Thu Jan 26 01:02:15 2017
elapsed time: 1 seconds (0d 0h 0m 1s)

